<?xml version="1.0" encoding="UTF-8"?>
<!-- Generated by org.testng.reporters.JUnitXMLReporter -->
<testsuite hostname="DESKTOP-DURSOOV" name="Test_chrome" tests="1" failures="1" timestamp="3 Jul 2019 08:54:13 GMT" time="42.19" errors="0">
  <testcase name="testsearchflight" time="31.63" classname="scripts.searchflight">
    <failure type="java.lang.AssertionError" message="null">
      <![CDATA[java.lang.AssertionError: null
	at generic.Base_Page.VerifyTitle(Base_Page.java:31)
	at scripts.searchflight.testsearchflight(searchflight.java:38)
	at java.util.concurrent.FutureTask.run(Unknown Source)
	at java.util.concurrent.ThreadPoolExecutor.runWorker(Unknown Source)
	at java.util.concurrent.ThreadPoolExecutor$Worker.run(Unknown Source)
	at java.lang.Thread.run(Unknown Source)
... Removed 18 stack frames]]>
    </failure>
  </testcase> <!-- testsearchflight -->
</testsuite> <!-- Test_chrome -->
