<?xml version="1.0" encoding="UTF-8"?>
<testng-results skipped="0" failed="1" total="2" passed="1">
  <reporter-output>
    <line>
      <![CDATA[title is not macthing]]>
    </line>
    <line>
      <![CDATA[title is matching]]>
    </line>
  </reporter-output>
  <suite name="Suite" duration-ms="52030" started-at="2019-07-03T08:53:31Z" finished-at="2019-07-03T08:54:23Z">
    <groups>
    </groups>
    <test name="Test_chrome" duration-ms="42190" started-at="2019-07-03T08:53:31Z" finished-at="2019-07-03T08:54:13Z">
      <class name="scripts.searchflight">
        <test-method status="PASS" signature="openappl(java.lang.String)[pri:0, instance:scripts.searchflight@4411d970]" name="openappl" is-config="true" duration-ms="9361" started-at="2019-07-03T14:23:31Z" finished-at="2019-07-03T14:23:40Z">
          <params>
            <param index="0">
              <value>
                <![CDATA[chrome]]>
              </value>
            </param>
          </params>
          <reporter-output>
          </reporter-output>
        </test-method> <!-- openappl -->
        <test-method status="FAIL" signature="testsearchflight()[pri:0, instance:scripts.searchflight@4411d970]" name="testsearchflight" duration-ms="31630" started-at="2019-07-03T14:23:40Z" finished-at="2019-07-03T14:24:12Z">
          <exception class="java.lang.AssertionError">
            <message>
              <![CDATA[null]]>
            </message>
            <full-stacktrace>
              <![CDATA[java.lang.AssertionError: null
	at org.testng.Assert.fail(Assert.java:94)
	at org.testng.Assert.fail(Assert.java:101)
	at generic.Base_Page.VerifyTitle(Base_Page.java:31)
	at scripts.searchflight.testsearchflight(searchflight.java:38)
	at sun.reflect.NativeMethodAccessorImpl.invoke0(Native Method)
	at sun.reflect.NativeMethodAccessorImpl.invoke(Unknown Source)
	at sun.reflect.DelegatingMethodAccessorImpl.invoke(Unknown Source)
	at java.lang.reflect.Method.invoke(Unknown Source)
	at org.testng.internal.MethodInvocationHelper.invokeMethod(MethodInvocationHelper.java:86)
	at org.testng.internal.Invoker.invokeMethod(Invoker.java:645)
	at org.testng.internal.Invoker.invokeTestMethod(Invoker.java:822)
	at org.testng.internal.Invoker.invokeTestMethods(Invoker.java:1130)
	at org.testng.internal.TestMethodWorker.invokeTestMethods(TestMethodWorker.java:129)
	at org.testng.internal.TestMethodWorker.run(TestMethodWorker.java:112)
	at org.testng.TestRunner.privateRun(TestRunner.java:782)
	at org.testng.TestRunner.run(TestRunner.java:632)
	at org.testng.SuiteRunner.runTest(SuiteRunner.java:366)
	at org.testng.SuiteRunner.access$000(SuiteRunner.java:39)
	at org.testng.SuiteRunner$SuiteWorker.run(SuiteRunner.java:400)
	at org.testng.internal.thread.ThreadUtil$2.call(ThreadUtil.java:64)
	at java.util.concurrent.FutureTask.run(Unknown Source)
	at java.util.concurrent.ThreadPoolExecutor.runWorker(Unknown Source)
	at java.util.concurrent.ThreadPoolExecutor$Worker.run(Unknown Source)
	at java.lang.Thread.run(Unknown Source)
]]>
            </full-stacktrace>
          </exception> <!-- java.lang.AssertionError -->
          <reporter-output>
            <line>
              <![CDATA[title is not macthing]]>
            </line>
          </reporter-output>
        </test-method> <!-- testsearchflight -->
        <test-method status="PASS" signature="closeappl(org.testng.ITestResult)[pri:0, instance:scripts.searchflight@4411d970]" name="closeappl" is-config="true" duration-ms="1179" started-at="2019-07-03T14:24:12Z" finished-at="2019-07-03T14:24:13Z">
          <params>
            <param index="0">
              <value>
                <![CDATA[[TestResult name=testsearchflight status=FAILURE method=searchflight.testsearchflight()[pri:0, instance:scripts.searchflight@4411d970] output=title is not macthing]]]>
              </value>
            </param>
          </params>
          <reporter-output>
          </reporter-output>
        </test-method> <!-- closeappl -->
      </class> <!-- scripts.searchflight -->
    </test> <!-- Test_chrome -->
    <test name="Test_firefox" duration-ms="52026" started-at="2019-07-03T08:53:31Z" finished-at="2019-07-03T08:54:23Z">
      <class name="scripts.searchflight">
        <test-method status="PASS" signature="openappl(java.lang.String)[pri:0, instance:scripts.searchflight@7a79be86]" name="openappl" is-config="true" duration-ms="24430" started-at="2019-07-03T14:23:31Z" finished-at="2019-07-03T14:23:56Z">
          <params>
            <param index="0">
              <value>
                <![CDATA[firefox]]>
              </value>
            </param>
          </params>
          <reporter-output>
          </reporter-output>
        </test-method> <!-- openappl -->
        <test-method status="PASS" signature="testsearchflight()[pri:0, instance:scripts.searchflight@7a79be86]" name="testsearchflight" duration-ms="25411" started-at="2019-07-03T14:23:56Z" finished-at="2019-07-03T14:24:21Z">
          <reporter-output>
            <line>
              <![CDATA[title is matching]]>
            </line>
          </reporter-output>
        </test-method> <!-- testsearchflight -->
        <test-method status="PASS" signature="closeappl(org.testng.ITestResult)[pri:0, instance:scripts.searchflight@7a79be86]" name="closeappl" is-config="true" duration-ms="2166" started-at="2019-07-03T14:24:21Z" finished-at="2019-07-03T14:24:23Z">
          <params>
            <param index="0">
              <value>
                <![CDATA[[TestResult name=testsearchflight status=SUCCESS method=searchflight.testsearchflight()[pri:0, instance:scripts.searchflight@7a79be86] output=title is matching]]]>
              </value>
            </param>
          </params>
          <reporter-output>
          </reporter-output>
        </test-method> <!-- closeappl -->
      </class> <!-- scripts.searchflight -->
    </test> <!-- Test_firefox -->
  </suite> <!-- Suite -->
</testng-results>
